#
# A fatal error has been detected by the Java Runtime Environment:
#
#  SIGBUS (0x7) at pc=0x00007ff5cd052580, pid=511, tid=0x00007ff5e37ec700
#
# JRE version: OpenJDK Runtime Environment (8.0_252-b09) (build 1.8.0_252-b09)
# Java VM: OpenJDK 64-Bit Server VM (25.252-b09 mixed mode linux-amd64 compressed oops)
# Problematic frame:
# v  ~StubRoutines::jshort_disjoint_arraycopy
#
# Failed to write core dump. Core dumps have been disabled. To enable core dumping, try "ulimit -c unlimited" before starting Java again
#
# If you would like to submit a bug report, please visit:
#   http://bugreport.java.com/bugreport/crash.jsp
#

---------------  T H R E A D  ---------------

Current thread (0x00007ff5dc00a800):  JavaThread "main" [_thread_in_Java, id=527, stack(0x00007ff5e36ed000,0x00007ff5e37ed000)]

siginfo: si_signo: 7 (SIGBUS), si_code: 2 (BUS_ADRERR), si_addr: 0x00007ff5ae2d9036

Registers:
RAX=0x00007ff5ae2dd036, RBX=0x000000000006c036, RCX=0x0000000000002000, RDX=0xfffffffffffff804
RSP=0x00007ff5e37e9bb0, RBP=0x00007ff5e37e9bb0, RSI=0x00000000f6859540, RDI=0x00007ff5ae2dd02e
R8 =0x0000000000000000, R9 =0x00007ff5ae26d000, R10=0x00007ff5cd052d40, R11=0x00000000f6855538
R12=0x0000000000000000, R13=0x0000000000004000, R14=0x00000000f685cc80, R15=0x00007ff5dc00a800
RIP=0x00007ff5cd052580, EFLAGS=0x0000000000010282, CSGSFS=0x002b000000000033, ERR=0x0000000000000004
  TRAPNO=0x000000000000000e

Top of Stack: (sp=0x00007ff5e37e9bb0)
0x00007ff5e37e9bb0:   00000000000cacc0 00007ff5cdad77bb
0x00007ff5e37e9bc0:   00000000f685cc80 00007ff5cdc631dd
0x00007ff5e37e9bd0:   f685553800002000 00000000f684f4a0
0x00007ff5e37e9be0:   00000000f6855548 00000000f684f540
0x00007ff5e37e9bf0:   00000001000bcdb0 0000400000000000
0x00007ff5e37e9c00:   00007ff5e37e9df0 00007ff5cd30f20c
0x00007ff5e37e9c10:   00000000f6855538 00000000f684f528
0x00007ff5e37e9c20:   0000000100028698 0000200000004000
0x00007ff5e37e9c30:   00000000f684f4f8 0000000100028698
0x00007ff5e37e9c40:   000000010017d158 00000001000bf578
0x00007ff5e37e9c50:   f684f4d800004000 00000000f685d3e0
0x00007ff5e37e9c60:   00000000f685d3e0 00000000f684f450
0x00007ff5e37e9c70:   00000000f684f4d8 000003ff00002000
0x00007ff5e37e9c80:   00000000f685cd18 0000000000004000
0x00007ff5e37e9c90:   00000000f6855538 0000200000002000
0x00007ff5e37e9ca0:   0000000000000000 00000000f684ea50
0x00007ff5e37e9cb0:   00000000f685d368 0000000000000012
0x00007ff5e37e9cc0:   00000000f685c348 00000000f685d298
0x00007ff5e37e9cd0:   00000000f684ea50 00007ff5cd6b25e8
0x00007ff5e37e9ce0:   00000000e37e9d80 0000000100002000
0x00007ff5e37e9cf0:   0000000000004000 0000000000000007
0x00007ff5e37e9d00:   00007ff5ffffffff 00007ff5cd007ffd
0x00007ff5e37e9d10:   00007ff5e37e9df0 00007ff5cd65904c
0x00007ff5e37e9d20:   0000000000000012 0000000000000000
0x00007ff5e37e9d30:   00007ff5e37e9de8 00007ff5cd8b9d8c
0x00007ff5e37e9d40:   00000000f684ea50 00000000f685c440
0x00007ff5e37e9d50:   00000000f6855538 0000400000000000
0x00007ff5e37e9d60:   00007ff5cd007a40 00000000f685cc80
0x00007ff5e37e9d70:   00007ff5e37e9df0 00007ff5cd007ffd
0x00007ff5e37e9d80:   00007ff5e37e9dc8 00007ff5cd007ffd
0x00007ff5e37e9d90:   0000000000004000 0000000000000000
0x00007ff5e37e9da0:   00000000f6855538 00000000f685c440 

Instructions: (pc=0x00007ff5cd052580)
0x00007ff5cd052560:   c6 04 f7 c1 01 00 00 00 74 08 66 8b 47 08 66 89
0x00007ff5cd052570:   46 08 48 33 c0 c9 c3 66 0f 1f 84 00 00 00 00 00
0x00007ff5cd052580:   48 8b 44 d7 e8 48 89 44 d6 e8 48 8b 44 d7 f0 48
0x00007ff5cd052590:   89 44 d6 f0 48 8b 44 d7 f8 48 89 44 d6 f8 48 8b 

Register to memory mapping:

RAX=0x00007ff5ae2dd036 is an unknown value
RBX=0x000000000006c036 is an unknown value
RCX=0x0000000000002000 is an unknown value
RDX=0xfffffffffffff804 is an unknown value
RSP=0x00007ff5e37e9bb0 is pointing into the stack for thread: 0x00007ff5dc00a800
RBP=0x00007ff5e37e9bb0 is pointing into the stack for thread: 0x00007ff5dc00a800
RSI=0x00000000f6859540 is an oop
