#
# A fatal error has been detected by the Java Runtime Environment:
#
#  SIGBUS (0x7) at pc=0x00007f216d052410, pid=176, tid=0x00007f21836ab700
#
# JRE version: OpenJDK Runtime Environment (8.0_252-b09) (build 1.8.0_252-b09)
# Java VM: OpenJDK 64-Bit Server VM (25.252-b09 mixed mode linux-amd64 compressed oops)
# Problematic frame:
# v  ~StubRoutines::jbyte_disjoint_arraycopy
#
# Failed to write core dump. Core dumps have been disabled. To enable core dumping, try "ulimit -c unlimited" before starting Java again
#
# If you would like to submit a bug report, please visit:
#   http://bugreport.java.com/bugreport/crash.jsp
#

---------------  T H R E A D  ---------------

Current thread (0x00007f217c00a800):  JavaThread "main" [_thread_in_Java, id=192, stack(0x00007f21835ac000,0x00007f21836ac000)]

siginfo: si_signo: 7 (SIGBUS), si_code: 2 (BUS_ADRERR), si_addr: 0x00007f2155fb703d

Registers:
RAX=0x00007f2155fbb03d, RBX=0x00000000000a403d, RCX=0x0000000000004000, RDX=0xfffffffffffff804
RSP=0x00007f21836a8750, RBP=0x00007f21836a8750, RSI=0x00000000f6682d08, RDI=0x00007f2155fbb035
R8 =0x0000000000000000, R9 =0x00007f2155f13000, R10=0x00007f216d052d40, R11=0x00000000f667ed00
R12=0x0000000000000000, R13=0x0000000000004000, R14=0x00000000f66840b8, R15=0x00007f217c00a800
RIP=0x00007f216d052410, EFLAGS=0x0000000000010282, CSGSFS=0x002b000000000033, ERR=0x0000000000000004
  TRAPNO=0x000000000000000e

Top of Stack: (sp=0x00007f21836a8750)
0x00007f21836a8750:   00000000000aad81 00007f216d1a3e7b
0x00007f21836a8760:   00000000f66840b8 00007f21836a88c8
0x00007f21836a8770:   00007f21836a8848 0000000000000000
0x00007f21836a8780:   0000200000002000 00007f2100002000
0x00007f21836a8790:   00007f2138005410 00000000f667ed00
0x00007f21836a87a0:   00007f21836a8818 00007f216d007d80
0x00007f21836a87b0:   00007f216d007d80 0000000000004000
0x00007f21836a87c0:   0000000000000000 00000000f667ed00
0x00007f21836a87d0:   00000000f66840b8 00007f21836a87d8
0x00007f21836a87e0:   00007f21565600e9 00007f21836a8848
0x00007f21836a87f0:   00007f2156560788 0000000000000000
0x00007f21836a8800:   00007f2156560138 00007f21836a87b8
0x00007f21836a8810:   00007f21836a8828 00007f21836a8890
0x00007f21836a8820:   00007f216d007ffd 0000000000004000
0x00007f21836a8830:   0000000000000000 00000000f667ed00
0x00007f21836a8840:   00000000f66840b8 00000000f6684120
0x00007f21836a8850:   00007f21836a8850 00007f21568819b3
0x00007f21836a8860:   00007f21836a88c8 00007f2156572e60
0x00007f21836a8870:   0000000000000000 00007f2156881af0
0x00007f21836a8880:   00007f21836a8828 00007f21836a88b0
0x00007f21836a8890:   00007f21836a8910 00007f216d007ffd
0x00007f21836a88a0:   0000000000000000 0000000000000000
0x00007f21836a88b0:   0000000000004000 0000000000000000
0x00007f21836a88c0:   00000000f667ed00 00000000f6684150
0x00007f21836a88d0:   00007f21836a88d0 00007f2156841ae7
0x00007f21836a88e0:   00007f21836a8938 00007f215655f570
0x00007f21836a88f0:   0000000000000000 00007f2156841b38
0x00007f21836a8900:   00007f21836a88b0 00007f21836a8920
0x00007f21836a8910:   00007f21836a8980 00007f216d007ffd
0x00007f21836a8920:   0000000000004000 0000000000000000
0x00007f21836a8930:   00000000f667ed00 00000000f6683878
0x00007f21836a8940:   00007f21836a8940 00007f2156874160 

Instructions: (pc=0x00007f216d052410)
0x00007f216d0523f0:   46 08 48 83 c7 02 48 83 c6 02 f7 c1 01 00 00 00
0x00007f216d052400:   74 06 8a 47 08 88 46 08 48 33 c0 c9 c3 66 66 90
0x00007f216d052410:   48 8b 44 d7 e8 48 89 44 d6 e8 48 8b 44 d7 f0 48
0x00007f216d052420:   89 44 d6 f0 48 8b 44 d7 f8 48 89 44 d6 f8 48 8b 

Register to memory mapping:

RAX=0x00007f2155fbb03d is an unknown value
RBX=0x00000000000a403d is an unknown value
RCX=0x0000000000004000 is an unknown value
RDX=0xfffffffffffff804 is an unknown value
RSP=0x00007f21836a8750 is pointing into the stack for thread: 0x00007f217c00a800
RBP=0x00007f21836a8750 is pointing into the stack for thread: 0x00007f217c00a800
RSI=0x00000000f6682d08 is an oop
