#
# A fatal error has been detected by the Java Runtime Environment:
#
#  SIGBUS (0x7) at pc=0x00007f50549fc410, pid=681, tid=0x00007f5068316700
#
# JRE version: OpenJDK Runtime Environment (8.0_252-b09) (build 1.8.0_252-b09)
# Java VM: OpenJDK 64-Bit Server VM (25.252-b09 mixed mode linux-amd64 compressed oops)
# Problematic frame:
# v  ~StubRoutines::jbyte_disjoint_arraycopy
#
# Failed to write core dump. Core dumps have been disabled. To enable core dumping, try "ulimit -c unlimited" before starting Java again
#
# If you would like to submit a bug report, please visit:
#   http://bugreport.java.com/bugreport/crash.jsp
#

---------------  T H R E A D  ---------------

Current thread (0x00007f506400a800):  JavaThread "main" [_thread_in_Java, id=697, stack(0x00007f5068217000,0x00007f5068317000)]

siginfo: si_signo: 7 (SIGBUS), si_code: 2 (BUS_ADRERR), si_addr: 0x00007f503ab2b03d

Registers:
RAX=0x00007f503ab2f03d, RBX=0x000000000015003d, RCX=0x0000000000004000, RDX=0xfffffffffffff804
RSP=0x00007f5068313800, RBP=0x00007f5068313800, RSI=0x00000000f615e8e8, RDI=0x00007f503ab2f035
R8 =0x0000000000000000, R9 =0x00007f503a9db000, R10=0x00007f50549fcd40, R11=0x00000000f615a8e0
R12=0x0000000000000000, R13=0x0000000000004000, R14=0x00000000f6161a60, R15=0x00007f506400a800
RIP=0x00007f50549fc410, EFLAGS=0x0000000000010282, CSGSFS=0x002b000000000033, ERR=0x0000000000000004
  TRAPNO=0x000000000000000e

Top of Stack: (sp=0x00007f5068313800)
0x00007f5068313800:   00000000001a2272 00007f5054aacc7b
0x00007f5068313810:   00000000f6161a60 00007f5064009850
0x00007f5068313820:   0000200000002000 00007f5000002000
0x00007f5068313830:   0000200000002000 00007f5000002000
0x00007f5068313840:   00007f5020005410 00000000f615a8e0
0x00007f5068313850:   00007f50683138c8 00007f50549b1d80
0x00007f5068313860:   00007f50549b1d80 0000000000004000
0x00007f5068313870:   0000000000000000 00000000f615a8e0
0x00007f5068313880:   00000000f6161a60 00007f5068313888
0x00007f5068313890:   00007f503b1cc0e9 00007f50683138f8
0x00007f50683138a0:   00007f503b1cc788 0000000000000000
0x00007f50683138b0:   00007f503b1cc138 00007f5068313868
0x00007f50683138c0:   00007f50683138d8 00007f5068313940
0x00007f50683138d0:   00007f50549b1ffd 0000000000004000
0x00007f50683138e0:   0000000000000000 00000000f615a8e0
0x00007f50683138f0:   00000000f6161a60 00000000f6161ac8
0x00007f5068313900:   00007f5068313900 00007f503b4fbf4b
0x00007f5068313910:   00007f5068313978 00007f503b1deae8
0x00007f5068313920:   0000000000000000 00007f503b4fc088
0x00007f5068313930:   00007f50683138d8 00007f5068313960
0x00007f5068313940:   00007f50683139c0 00007f50549b1ffd
0x00007f5068313950:   0000000000000000 0000000000000000
0x00007f5068313960:   0000000000004000 0000000000000000
0x00007f5068313970:   00000000f615a8e0 00000000f6161af8
0x00007f5068313980:   00007f5068313980 00007f503b4baf8f
0x00007f5068313990:   00007f50683139e8 00007f503b1cb570
0x00007f50683139a0:   0000000000000000 00007f503b4bafe0
0x00007f50683139b0:   00007f5068313960 00007f50683139d0
0x00007f50683139c0:   00007f5068313a30 00007f50549b1ffd
0x00007f50683139d0:   0000000000004000 0000000000000000
0x00007f50683139e0:   00000000f615a8e0 00000000f6161220
0x00007f50683139f0:   00007f50683139f0 00007f503b4f26c0 

Instructions: (pc=0x00007f50549fc410)
0x00007f50549fc3f0:   46 08 48 83 c7 02 48 83 c6 02 f7 c1 01 00 00 00
0x00007f50549fc400:   74 06 8a 47 08 88 46 08 48 33 c0 c9 c3 66 66 90
0x00007f50549fc410:   48 8b 44 d7 e8 48 89 44 d6 e8 48 8b 44 d7 f0 48
0x00007f50549fc420:   89 44 d6 f0 48 8b 44 d7 f8 48 89 44 d6 f8 48 8b 

Register to memory mapping:

RAX=0x00007f503ab2f03d is an unknown value
RBX=0x000000000015003d is an unknown value
RCX=0x0000000000004000 is an unknown value
RDX=0xfffffffffffff804 is an unknown value
RSP=0x00007f5068313800 is pointing into the stack for thread: 0x00007f506400a800
RBP=0x00007f5068313800 is pointing into the stack for thread: 0x00007f506400a800
RSI=0x00000000f615e8e8 is an oop
