#
# A fatal error has been detected by the Java Runtime Environment:
#
#  SIGBUS (0x7) at pc=0x00007f1e15052410, pid=6, tid=0x00007f1e29aa7700
#
# JRE version: OpenJDK Runtime Environment (8.0_252-b09) (build 1.8.0_252-b09)
# Java VM: OpenJDK 64-Bit Server VM (25.252-b09 mixed mode linux-amd64 compressed oops)
# Problematic frame:
# v  ~StubRoutines::jbyte_disjoint_arraycopy
#
# Failed to write core dump. Core dumps have been disabled. To enable core dumping, try "ulimit -c unlimited" before starting Java again
#
# If you would like to submit a bug report, please visit:
#   http://bugreport.java.com/bugreport/crash.jsp
#

---------------  T H R E A D  ---------------

Current thread (0x00007f1e2400a800):  JavaThread "main" [_thread_in_Java, id=22, stack(0x00007f1e299a8000,0x00007f1e29aa8000)]

siginfo: si_signo: 7 (SIGBUS), si_code: 2 (BUS_ADRERR), si_addr: 0x00007f1e0435c03d

Registers:
RAX=0x00007f1e0436003d, RBX=0x000000000011403d, RCX=0x0000000000004000, RDX=0xfffffffffffff804
RSP=0x00007f1e29aa4bc0, RBP=0x00007f1e29aa4bc0, RSI=0x00000000f5f29848, RDI=0x00007f1e04360035
R8 =0x0000000000000000, R9 =0x00007f1e04248000, R10=0x00007f1e15052d40, R11=0x00000000f5f25840
R12=0x0000000000000000, R13=0x0000000000004000, R14=0x00000000f5f2ce98, R15=0x00007f1e2400a800
RIP=0x00007f1e15052410, EFLAGS=0x0000000000010282, CSGSFS=0x002b000000000033, ERR=0x0000000000000004
  TRAPNO=0x000000000000000e

Top of Stack: (sp=0x00007f1e29aa4bc0)
0x00007f1e29aa4bc0:   000000000010204b 00007f1e1517d83b
0x00007f1e29aa4bd0:   00000000f5f2ce98 00000000f5f1f7d0
0x00007f1e29aa4be0:   00000000f5f1f7f0 00000000f5f1f7d0
0x00007f1e29aa4bf0:   00000000e102d2c0 00000000f5f1f748
0x00007f1e29aa4c00:   00002000f5f1f7d0 00000000e0e679f8
0x00007f1e29aa4c10:   00007f1e29aa4df8 00007f1e15171c8c
0x00007f1e29aa4c20:   00007f1e049bb388 00000001000de100
0x00007f1e29aa4c30:   00000001000de100 000000000000003d
0x00007f1e29aa4c40:   00000000f5f2d628 00000000f5f2d628
0x00007f1e29aa4c50:   0000000000000007 0000000100028698
0x00007f1e29aa4c60:   00000001000bcdb0 00000000ffffffff
0x00007f1e29aa4c70:   0000000000000000 00007f1e15742200
0x00007f1e29aa4c80:   0000000000000019 00007f1e29aa4bb0
0x00007f1e29aa4c90:   00000000f5f2cf30 0000000000004000
0x00007f1e29aa4ca0:   00000000f5f25840 00000001000de100
0x00007f1e29aa4cb0:   00000000e103fb58 000000000000004d
0x00007f1e29aa4cc0:   00007f1e047927b0 00000000f5f1f810
0x00007f1e29aa4cd0:   0000000000004000 00007f1e1574223c
0x00007f1e29aa4ce0:   0000200000002000 0000000000002000
0x00007f1e29aa4cf0:   00000000f5f1f120 00000000f5f25840
0x00007f1e29aa4d00:   0000000000004000 00000000f5f25840
0x00007f1e29aa4d10:   0000000000004000 00000000f5f1ed48
0x00007f1e29aa4d20:   00007f1e29aa4df8 00007f1e1537090c
0x00007f1e29aa4d30:   0000400000000000 0000004df5f1f820
0x00007f1e29aa4d40:   00000000f5f1f820 0000000000004000
0x00007f1e29aa4d50:   00000000f5f1f850 00000000f5f2c648
0x00007f1e29aa4d60:   00000000f5f25840 0000400000000000
0x00007f1e29aa4d70:   00000000f5f2ce98 00007f1e29aa4d78
0x00007f1e29aa4d80:   00007f1e29aa4df8 00007f1e15007ffd
0x00007f1e29aa4d90:   00007f1e15007ffd 0000000000004000
0x00007f1e29aa4da0:   0000000000000000 00000000f5f25840
0x00007f1e29aa4db0:   00000000f5f2c648 00007f1e29aa4db8 

Instructions: (pc=0x00007f1e15052410)
0x00007f1e150523f0:   46 08 48 83 c7 02 48 83 c6 02 f7 c1 01 00 00 00
0x00007f1e15052400:   74 06 8a 47 08 88 46 08 48 33 c0 c9 c3 66 66 90
0x00007f1e15052410:   48 8b 44 d7 e8 48 89 44 d6 e8 48 8b 44 d7 f0 48
0x00007f1e15052420:   89 44 d6 f0 48 8b 44 d7 f8 48 89 44 d6 f8 48 8b 

Register to memory mapping:

RAX=0x00007f1e0436003d is an unknown value
RBX=0x000000000011403d is an unknown value
RCX=0x0000000000004000 is an unknown value
RDX=0xfffffffffffff804 is an unknown value
RSP=0x00007f1e29aa4bc0 is pointing into the stack for thread: 0x00007f1e2400a800
RBP=0x00007f1e29aa4bc0 is pointing into the stack for thread: 0x00007f1e2400a800
RSI=0x00000000f5f29848 is an oop
